Source Code/suneel_printer/build/app/intermediates/manifest_merge_blame_file/debug/manifest-merger-blame-debug-report.txt
1<?xml version="1.0" encoding="utf-8"?>
2<manifest xmlns:android="http://schemas.android.com/apk/res/android"
3    package="com.suneel37.suneel_printer"
4    android:versionCode="1"
5    android:versionName="1.0.0" >
6
7    <uses-sdk
8        android:minSdkVersion="16"
9        android:targetSdkVersion="29" />
10    <!--
11         Flutter needs it to communicate with the running application
12         to allow setting breakpoints, to provide hot reload, etc.
13    -->
14    <uses-permission android:name="android.permission.INTERNET" />
14-->src\main\AndroidManifest.xml:8:5-66
14-->src\main\AndroidManifest.xml:8:22-64
15    <uses-permission android:name="android.permission.READ_EXTERNAL_STORAGE" /> <!-- Although the *SdkVersion is captured in gradle build files, this is required for non gradle builds -->
15-->[:file_picker] AndroidManifest.xml:7:5-80
15-->[:file_picker] AndroidManifest.xml:7:22-77
16    <!-- <uses-sdk android:minSdkVersion="14"/> -->
17    <uses-permission android:name="android.permission.ACCESS_NETWORK_STATE" />
17-->[com.google.firebase:firebase-storage:19.1.1] AndroidManifest.xml:26:5-79
17-->[com.google.firebase:firebase-storage:19.1.1] AndroidManifest.xml:26:22-76
18    <uses-permission android:name="android.permission.WAKE_LOCK" /> <!-- Required by older versions of Google Play services to create IID tokens -->
18-->[com.google.android.gms:play-services-measurement-api:17.4.1] AndroidManifest.xml:24:5-68
18-->[com.google.android.gms:play-services-measurement-api:17.4.1] AndroidManifest.xml:24:22-65
19    <uses-permission android:name="com.google.android.c2dm.permission.RECEIVE" />
19-->[com.google.firebase:firebase-iid:20.1.5] AndroidManifest.xml:26:5-82
19-->[com.google.firebase:firebase-iid:20.1.5] AndroidManifest.xml:26:22-79
20    <uses-permission android:name="com.google.android.finsky.permission.BIND_GET_INSTALL_REFERRER_SERVICE" />
20-->[com.google.android.gms:play-services-measurement:17.4.1] AndroidManifest.xml:26:5-110
20-->[com.google.android.gms:play-services-measurement:17.4.1] AndroidManifest.xml:26:22-107
21
22    <application
22-->src\main\AndroidManifest.xml:10:5-48:19
23        android:name="io.flutter.app.FlutterApplication"
23-->src\main\AndroidManifest.xml:11:9-57
24        android:appComponentFactory="androidx.core.app.CoreComponentFactory"
24-->[androidx.core:core:1.1.0] AndroidManifest.xml:24:18-86
25        android:debuggable="true"
26        android:icon="@mipmap/ic_launcher"
26-->src\main\AndroidManifest.xml:13:9-43
27        android:label="Suneel Printers" >
27-->src\main\AndroidManifest.xml:12:9-40
28        <activity
28-->src\main\AndroidManifest.xml:14:9-42:20
29            android:name="com.suneel37.suneel_printer.MainActivity"
29-->src\main\AndroidManifest.xml:15:13-41
30            android:configChanges="orientation|keyboardHidden|keyboard|screenSize|smallestScreenSize|locale|layoutDirection|fontScale|screenLayout|density|uiMode"
30-->src\main\AndroidManifest.xml:18:13-163
31            android:hardwareAccelerated="true"
31-->src\main\AndroidManifest.xml:19:13-47
32            android:launchMode="singleTop"
32-->src\main\AndroidManifest.xml:16:13-43
33            android:theme="@style/LaunchTheme"
33-->src\main\AndroidManifest.xml:17:13-47
34            android:windowSoftInputMode="adjustResize" >
34-->src\main\AndroidManifest.xml:20:13-55
35
36            <!--
37                 Specifies an Android theme to apply to this Activity as soon as
38                 the Android process has started. This theme is visible to the user
39                 while the Flutter UI initializes. After that, this theme continues
40                 to determine the Window background behind the Flutter UI.
41            -->
42            <meta-data
42-->src\main\AndroidManifest.xml:25:13-28:17
43                android:name="io.flutter.embedding.android.NormalTheme"
43-->src\main\AndroidManifest.xml:26:15-70
44                android:resource="@style/NormalTheme" />
44-->src\main\AndroidManifest.xml:27:15-52
45            <!--
46                 Displays an Android View that continues showing the launch screen
47                 Drawable until Flutter paints its first frame, then this splash
48                 screen fades out. A splash screen is useful to avoid any visual
49                 gap between the end of Android's launch screen and the painting of
50                 Flutter's first frame.
51            -->
52            <meta-data
52-->src\main\AndroidManifest.xml:34:13-37:17
53                android:name="io.flutter.embedding.android.SplashScreenDrawable"
53-->src\main\AndroidManifest.xml:35:15-79
54                android:resource="@drawable/launch_background" />
54-->src\main\AndroidManifest.xml:36:15-61
55
56            <intent-filter>
56-->src\main\AndroidManifest.xml:38:13-41:29
57                <action android:name="android.intent.action.MAIN" />
57-->src\main\AndroidManifest.xml:39:17-68
57-->src\main\AndroidManifest.xml:39:25-66
58
59                <category android:name="android.intent.category.LAUNCHER" />
59-->src\main\AndroidManifest.xml:40:17-76
59-->src\main\AndroidManifest.xml:40:27-74
60            </intent-filter>
61        </activity>
62        <!--
63             Don't delete the meta-data below.
64             This is used by the Flutter tool to generate GeneratedPluginRegistrant.java
65        -->
66        <meta-data
66-->src\main\AndroidManifest.xml:45:9-47:33
67            android:name="flutterEmbedding"
67-->src\main\AndroidManifest.xml:46:13-44
68            android:value="2" />
68-->src\main\AndroidManifest.xml:47:13-30
69
70        <service
70-->[:firebase_storage] AndroidManifest.xml:8:9-12:19
71            android:name="com.google.firebase.components.ComponentDiscoveryService"
71-->[:firebase_storage] AndroidManifest.xml:8:18-89
72            android:directBootAware="true"
72-->[com.google.firebase:firebase-common:19.3.0] AndroidManifest.xml:34:13-43
73            android:exported="false" >
73-->[com.google.firebase:firebase-storage:19.1.1] AndroidManifest.xml:32:13-37
74            <meta-data
74-->[:firebase_storage] AndroidManifest.xml:9:13-11:85
75                android:name="com.google.firebase.components:io.flutter.plugins.firebase.storage.FlutterFirebaseAppRegistrar"
75-->[:firebase_storage] AndroidManifest.xml:10:17-126
76                android:value="com.google.firebase.components.ComponentRegistrar" />
76-->[:firebase_storage] AndroidManifest.xml:11:17-82
77            <meta-data
77-->[:firebase_crashlytics] AndroidManifest.xml:9:13-11:85
78                android:name="com.google.firebase.components:io.flutter.plugins.firebase.crashlytics.FlutterFirebaseAppRegistrar"
78-->[:firebase_crashlytics] AndroidManifest.xml:10:17-130
79                android:value="com.google.firebase.components.ComponentRegistrar" />
79-->[:firebase_crashlytics] AndroidManifest.xml:11:17-82
80            <meta-data
80-->[:firebase_performance] AndroidManifest.xml:11:13-13:85
81                android:name="com.google.firebase.components:io.flutter.plugins.firebaseperformance.FlutterFirebaseAppRegistrar"
81-->[:firebase_performance] AndroidManifest.xml:12:17-129
82                android:value="com.google.firebase.components.ComponentRegistrar" />
82-->[:firebase_performance] AndroidManifest.xml:13:17-82
83            <meta-data
83-->[:cloud_firestore] AndroidManifest.xml:9:13-11:85
84                android:name="com.google.firebase.components:io.flutter.plugins.firebase.firestore.FlutterFirebaseFirestoreRegistrar"
84-->[:cloud_firestore] AndroidManifest.xml:10:17-134
85                android:value="com.google.firebase.components.ComponentRegistrar" />
85-->[:cloud_firestore] AndroidManifest.xml:11:17-82
86            <meta-data
86-->[:firebase_core] AndroidManifest.xml:9:13-11:85
87                android:name="com.google.firebase.components:io.flutter.plugins.firebase.core.FlutterFirebaseCoreRegistrar"
87-->[:firebase_core] AndroidManifest.xml:10:17-124
88                android:value="com.google.firebase.components.ComponentRegistrar" />
88-->[:firebase_core] AndroidManifest.xml:11:17-82
89            <meta-data
89-->[com.google.firebase:firebase-storage:19.1.1] AndroidManifest.xml:33:13-35:85
90                android:name="com.google.firebase.components:com.google.firebase.storage.StorageRegistrar"
90-->[com.google.firebase:firebase-storage:19.1.1] AndroidManifest.xml:34:17-107
91                android:value="com.google.firebase.components.ComponentRegistrar" />
91-->[com.google.firebase:firebase-storage:19.1.1] AndroidManifest.xml:35:17-82
92            <meta-data
92-->[com.google.firebase:firebase-perf:19.0.7] AndroidManifest.xml:34:13-36:85
93                android:name="com.google.firebase.components:com.google.firebase.perf.FirebasePerfRegistrar"
93-->[com.google.firebase:firebase-perf:19.0.7] AndroidManifest.xml:35:17-109
94                android:value="com.google.firebase.components.ComponentRegistrar" />
94-->[com.google.firebase:firebase-perf:19.0.7] AndroidManifest.xml:36:17-82
95            <meta-data
95-->[com.google.firebase:firebase-firestore:21.4.3] AndroidManifest.xml:20:13-22:85
96                android:name="com.google.firebase.components:com.google.firebase.firestore.FirestoreRegistrar"
96-->[com.google.firebase:firebase-firestore:21.4.3] AndroidManifest.xml:21:17-111
97                android:value="com.google.firebase.components.ComponentRegistrar" />
97-->[com.google.firebase:firebase-firestore:21.4.3] AndroidManifest.xml:22:17-82
98            <meta-data
98-->[com.google.firebase:firebase-crashlytics:17.0.0] AndroidManifest.xml:16:13-18:85
99                android:name="com.google.firebase.components:com.google.firebase.crashlytics.CrashlyticsRegistrar"
99-->[com.google.firebase:firebase-crashlytics:17.0.0] AndroidManifest.xml:17:17-115
100                android:value="com.google.firebase.components.ComponentRegistrar" />
100-->[com.google.firebase:firebase-crashlytics:17.0.0] AndroidManifest.xml:18:17-82
101            <meta-data
101-->[com.google.firebase:firebase-config:19.1.4] AndroidManifest.xml:32:13-34:85
102                android:name="com.google.firebase.components:com.google.firebase.remoteconfig.RemoteConfigRegistrar"
102-->[com.google.firebase:firebase-config:19.1.4] AndroidManifest.xml:33:17-117
103                android:value="com.google.firebase.components.ComponentRegistrar" />
103-->[com.google.firebase:firebase-config:19.1.4] AndroidManifest.xml:34:17-82
104            <meta-data
104-->[com.google.android.gms:play-services-measurement-api:17.4.1] AndroidManifest.xml:30:13-32:85
105                android:name="com.google.firebase.components:com.google.firebase.analytics.connector.internal.AnalyticsConnectorRegistrar"
105-->[com.google.android.gms:play-services-measurement-api:17.4.1] AndroidManifest.xml:31:17-139
106                android:value="com.google.firebase.components.ComponentRegistrar" />
106-->[com.google.android.gms:play-services-measurement-api:17.4.1] AndroidManifest.xml:32:17-82
107            <meta-data
107-->[com.google.firebase:firebase-iid:20.1.5] AndroidManifest.xml:32:13-34:85
108                android:name="com.google.firebase.components:com.google.firebase.iid.Registrar"
108-->[com.google.firebase:firebase-iid:20.1.5] AndroidManifest.xml:33:17-96
109                android:value="com.google.firebase.components.ComponentRegistrar" />
109-->[com.google.firebase:firebase-iid:20.1.5] AndroidManifest.xml:34:17-82
110            <meta-data
110-->[com.google.firebase:firebase-installations:16.2.1] AndroidManifest.xml:17:13-19:85
111                android:name="com.google.firebase.components:com.google.firebase.installations.FirebaseInstallationsRegistrar"
111-->[com.google.firebase:firebase-installations:16.2.1] AndroidManifest.xml:18:17-127
112                android:value="com.google.firebase.components.ComponentRegistrar" />
112-->[com.google.firebase:firebase-installations:16.2.1] AndroidManifest.xml:19:17-82
113            <meta-data
113-->[com.google.firebase:firebase-abt:19.0.1] AndroidManifest.xml:13:13-15:85
114                android:name="com.google.firebase.components:com.google.firebase.abt.component.AbtRegistrar"
114-->[com.google.firebase:firebase-abt:19.0.1] AndroidManifest.xml:14:17-109
115                android:value="com.google.firebase.components.ComponentRegistrar" />
115-->[com.google.firebase:firebase-abt:19.0.1] AndroidManifest.xml:15:17-82
116        </service>
117
118        <provider
118-->[com.google.firebase:firebase-perf:19.0.7] AndroidManifest.xml:25:9-29:39
119            android:name="com.google.firebase.perf.provider.FirebasePerfProvider"
119-->[com.google.firebase:firebase-perf:19.0.7] AndroidManifest.xml:26:13-82
120            android:authorities="com.suneel37.suneel_printer.firebaseperfprovider"
120-->[com.google.firebase:firebase-perf:19.0.7] AndroidManifest.xml:27:13-72
121            android:exported="false"
121-->[com.google.firebase:firebase-perf:19.0.7] AndroidManifest.xml:28:13-37
122            android:initOrder="101" />
122-->[com.google.firebase:firebase-perf:19.0.7] AndroidManifest.xml:29:13-36
123
124        <receiver
124-->[com.google.firebase:firebase-iid:20.1.5] AndroidManifest.xml:37:9-44:20
125            android:name="com.google.firebase.iid.FirebaseInstanceIdReceiver"
125-->[com.google.firebase:firebase-iid:20.1.5] AndroidManifest.xml:38:13-78
126            android:exported="true"
126-->[com.google.firebase:firebase-iid:20.1.5] AndroidManifest.xml:39:13-36
127            android:permission="com.google.android.c2dm.permission.SEND" >
127-->[com.google.firebase:firebase-iid:20.1.5] AndroidManifest.xml:40:13-73
128            <intent-filter>
128-->[com.google.firebase:firebase-iid:20.1.5] AndroidManifest.xml:41:13-43:29
129                <action android:name="com.google.android.c2dm.intent.RECEIVE" />
129-->[com.google.firebase:firebase-iid:20.1.5] AndroidManifest.xml:42:17-81
129-->[com.google.firebase:firebase-iid:20.1.5] AndroidManifest.xml:42:25-78
130            </intent-filter>
131        </receiver>
132
133        <activity
133-->[com.google.android.gms:play-services-base:17.0.0] AndroidManifest.xml:23:9-26:75
134            android:name="com.google.android.gms.common.api.GoogleApiActivity"
134-->[com.google.android.gms:play-services-base:17.0.0] AndroidManifest.xml:24:13-79
135            android:exported="false"
135-->[com.google.android.gms:play-services-base:17.0.0] AndroidManifest.xml:25:13-37
136            android:theme="@android:style/Theme.Translucent.NoTitleBar" />
136-->[com.google.android.gms:play-services-base:17.0.0] AndroidManifest.xml:26:13-72
137
138        <provider
138-->[com.google.firebase:firebase-common:19.3.0] AndroidManifest.xml:26:9-30:39
139            android:name="com.google.firebase.provider.FirebaseInitProvider"
139-->[com.google.firebase:firebase-common:19.3.0] AndroidManifest.xml:27:13-77
140            android:authorities="com.suneel37.suneel_printer.firebaseinitprovider"
140-->[com.google.firebase:firebase-common:19.3.0] AndroidManifest.xml:28:13-72
141            android:exported="false"
141-->[com.google.firebase:firebase-common:19.3.0] AndroidManifest.xml:29:13-37
142            android:initOrder="100" />
142-->[com.google.firebase:firebase-common:19.3.0] AndroidManifest.xml:30:13-36
143
144        <receiver
144-->[com.google.android.gms:play-services-measurement:17.4.1] AndroidManifest.xml:29:9-33:20
145            android:name="com.google.android.gms.measurement.AppMeasurementReceiver"
145-->[com.google.android.gms:play-services-measurement:17.4.1] AndroidManifest.xml:30:13-85
146            android:enabled="true"
146-->[com.google.android.gms:play-services-measurement:17.4.1] AndroidManifest.xml:31:13-35
147            android:exported="false" >
147-->[com.google.android.gms:play-services-measurement:17.4.1] AndroidManifest.xml:32:13-37
148        </receiver>
149
150        <service
150-->[com.google.android.gms:play-services-measurement:17.4.1] AndroidManifest.xml:35:9-38:40
151            android:name="com.google.android.gms.measurement.AppMeasurementService"
151-->[com.google.android.gms:play-services-measurement:17.4.1] AndroidManifest.xml:36:13-84
152            android:enabled="true"
152-->[com.google.android.gms:play-services-measurement:17.4.1] AndroidManifest.xml:37:13-35
153            android:exported="false" />
153-->[com.google.android.gms:play-services-measurement:17.4.1] AndroidManifest.xml:38:13-37
154        <service
154-->[com.google.android.gms:play-services-measurement:17.4.1] AndroidManifest.xml:39:9-43:72
155            android:name="com.google.android.gms.measurement.AppMeasurementJobService"
155-->[com.google.android.gms:play-services-measurement:17.4.1] AndroidManifest.xml:40:13-87
156            android:enabled="true"
156-->[com.google.android.gms:play-services-measurement:17.4.1] AndroidManifest.xml:41:13-35
157            android:exported="false"
157-->[com.google.android.gms:play-services-measurement:17.4.1] AndroidManifest.xml:42:13-37
158            android:permission="android.permission.BIND_JOB_SERVICE" />
158-->[com.google.android.gms:play-services-measurement:17.4.1] AndroidManifest.xml:43:13-69
159
160        <meta-data
160-->[com.google.android.gms:play-services-basement:17.0.0] AndroidManifest.xml:23:9-25:69
161            android:name="com.google.android.gms.version"
161-->[com.google.android.gms:play-services-basement:17.0.0] AndroidManifest.xml:24:13-58
162            android:value="@integer/google_play_services_version" />
162-->[com.google.android.gms:play-services-basement:17.0.0] AndroidManifest.xml:25:13-66
163
164        <service
164-->[com.google.android.datatransport:transport-backend-cct:2.2.1] AndroidManifest.xml:29:9-35:19
165            android:name="com.google.android.datatransport.runtime.backends.TransportBackendDiscovery"
165-->[com.google.android.datatransport:transport-backend-cct:2.2.1] AndroidManifest.xml:30:13-103
166            android:exported="false" >
166-->[com.google.android.datatransport:transport-backend-cct:2.2.1] AndroidManifest.xml:31:13-37
167            <meta-data
167-->[com.google.android.datatransport:transport-backend-cct:2.2.1] AndroidManifest.xml:32:13-34:39
168                android:name="backend:com.google.android.datatransport.cct.CctBackendFactory"
168-->[com.google.android.datatransport:transport-backend-cct:2.2.1] AndroidManifest.xml:33:17-94
169                android:value="cct" />
169-->[com.google.android.datatransport:transport-backend-cct:2.2.1] AndroidManifest.xml:34:17-36
170        </service>
171        <service
171-->[com.google.android.datatransport:transport-runtime:2.2.1] AndroidManifest.xml:26:9-30:19
172            android:name="com.google.android.datatransport.runtime.scheduling.jobscheduling.JobInfoSchedulerService"
172-->[com.google.android.datatransport:transport-runtime:2.2.1] AndroidManifest.xml:27:13-117
173            android:exported="false"
173-->[com.google.android.datatransport:transport-runtime:2.2.1] AndroidManifest.xml:28:13-37
174            android:permission="android.permission.BIND_JOB_SERVICE" >
174-->[com.google.android.datatransport:transport-runtime:2.2.1] AndroidManifest.xml:29:13-69
175        </service>
176
177        <receiver
177-->[com.google.android.datatransport:transport-runtime:2.2.1] AndroidManifest.xml:32:9-34:40
178            android:name="com.google.android.datatransport.runtime.scheduling.jobscheduling.AlarmManagerSchedulerBroadcastReceiver"
178-->[com.google.android.datatransport:transport-runtime:2.2.1] AndroidManifest.xml:33:13-132
179            android:exported="false" />
179-->[com.google.android.datatransport:transport-runtime:2.2.1] AndroidManifest.xml:34:13-37
180    </application>
181
182</manifest>